Detected EAN13 barcode: 0051111407592
Recorded scan for user shiv: 0051111407592
Detected CODE128 barcode: 8901058007220
Recorded scan for user shiv: 8901058007220
Detected EAN13 barcode: 0050000029730
Recorded scan for user shiv: 0050000029730
Product detail error: 'Product' object has no attribute 'productreview_set'
Product detail error: 'Product' object has no attribute 'productreview_set'
Product detail error: 'Product' object has no attribute 'productreview_set'
Product detail error: 'Product' object has no attribute 'productreview_set'
Product detail error: Reverse for 'add_review' not found. 'add_review' is not a valid view function or pattern name.
Product detail error: Reverse for 'add_review' not found. 'add_review' is not a valid view function or pattern name.
Manual entry error for barcode 12345678: Product() got unexpected keyword arguments: 'fssai', 'source'
Manual entry error for barcode 12345678: Product() got unexpected keyword arguments: 'fssai', 'source'
Product detail error: Reverse for 'add_review' not found. 'add_review' is not a valid view function or pattern name.
Product detail error: Reverse for 'add_review' not found. 'add_review' is not a valid view function or pattern name.
Product detail error: Reverse for 'add_review' not found. 'add_review' is not a valid view function or pattern name.
API <lambda> failed: 404 Client Error: Not Found for url: https://in.openfoodfacts.org/api/v2/product/2345678901234.json
API <lambda> failed: 404 Client Error: Not Found for url: https://world.openfoodfacts.org/api/v2/product/2345678901234.json
Manual entry error for barcode 2345678901234: Product() got unexpected keyword arguments: 'fssai', 'source'
Scan error: Product() got unexpected keyword arguments: 'fssai', 'source'
Product detail error: Reverse for 'add_review' not found. 'add_review' is not a valid view function or pattern name.
